# JRE version: Java(TM) SE Runtime Environment 18.9 (11.0.13+10) (build 11.0.13+10-LTS-370)
# Java VM: Java HotSpot(TM) 64-Bit Server VM 18.9 (11.0.13+10-LTS-370, mixed mode, tiered, compressed oops, g1 gc, bsd-amd64)
Heap:
 garbage-first heap   total 392192K, used 51079K [0x0000000780000000, 0x0000000800000000)
  region size 1024K, 30 young (30720K), 1 survivors (1024K)
 Metaspace       used 17414K, capacity 17791K, committed 18176K, reserved 1064960K
  class space    used 1805K, capacity 2006K, committed 2048K, reserved 1048576K
GC Heap History (10 events):
Event: 54.054 GC heap before
{Heap before GC invocations=74 (full 0):
 garbage-first heap   total 392192K, used 349044K [0x0000000780000000, 0x0000000800000000)
  region size 1024K, 66 young (67584K), 1 survivors (1024K)
 Metaspace       used 17302K, capacity 17725K, committed 17920K, reserved 1064960K
  class space    used 1804K, capacity 2005K, committed 2048K, reserved 1048576K
}
Event: 54.054 GC heap after
{Heap after GC invocations=75 (full 0):
 garbage-first heap   total 392192K, used 282485K [0x0000000780000000, 0x0000000800000000)
  region size 1024K, 1 young (1024K), 1 survivors (1024K)
 Metaspace       used 17302K, capacity 17725K, committed 17920K, reserved 1064960K
  class space    used 1804K, capacity 2005K, committed 2048K, reserved 1048576K
}
Event: 54.122 GC heap before
{Heap before GC invocations=75 (full 0):
 garbage-first heap   total 392192K, used 306037K [0x0000000780000000, 0x0000000800000000)
  region size 1024K, 25 young (25600K), 1 survivors (1024K)
 Metaspace       used 17302K, capacity 17725K, committed 17920K, reserved 1064960K
  class space    used 1804K, capacity 2005K, committed 2048K, reserved 1048576K
}
Event: 54.122 GC heap after
{Heap after GC invocations=76 (full 0):
 garbage-first heap   total 392192K, used 282441K [0x0000000780000000, 0x0000000800000000)
  region size 1024K, 1 young (1024K), 1 survivors (1024K)
 Metaspace       used 17302K, capacity 17725K, committed 17920K, reserved 1064960K
  class space    used 1804K, capacity 2005K, committed 2048K, reserved 1048576K
}
Event: 54.331 GC heap before
{Heap before GC invocations=77 (full 0):
 garbage-first heap   total 392192K, used 228169K [0x0000000780000000, 0x0000000800000000)
  region size 1024K, 60 young (61440K), 1 survivors (1024K)
 Metaspace       used 17305K, capacity 17725K, committed 17920K, reserved 1064960K
  class space    used 1804K, capacity 2005K, committed 2048K, reserved 1048576K
}
Event: 54.332 GC heap after
{Heap after GC invocations=78 (full 0):
 garbage-first heap   total 392192K, used 167828K [0x0000000780000000, 0x0000000800000000)
  region size 1024K, 1 young (1024K), 1 survivors (1024K)
 Metaspace       used 17305K, capacity 17725K, committed 17920K, reserved 1064960K
  class space    used 1804K, capacity 2005K, committed 2048K, reserved 1048576K
}
Event: 57.659 GC heap before
{Heap before GC invocations=78 (full 0):
 garbage-first heap   total 392192K, used 272276K [0x0000000780000000, 0x0000000800000000)
  region size 1024K, 97 young (99328K), 1 survivors (1024K)
 Metaspace       used 17323K, capacity 17725K, committed 17920K, reserved 1064960K
  class space    used 1805K, capacity 2005K, committed 2048K, reserved 1048576K
}
Event: 57.660 GC heap after
{Heap after GC invocations=79 (full 0):
 garbage-first heap   total 392192K, used 159567K [0x0000000780000000, 0x0000000800000000)
  region size 1024K, 1 young (1024K), 1 survivors (1024K)
 Metaspace       used 17323K, capacity 17725K, committed 17920K, reserved 1064960K
  class space    used 1805K, capacity 2005K, committed 2048K, reserved 1048576K
}
Event: 69.043 GC heap before
{Heap before GC invocations=80 (full 0):
 garbage-first heap   total 392192K, used 189263K [0x0000000780000000, 0x0000000800000000)
  region size 1024K, 147 young (150528K), 1 survivors (1024K)
 Metaspace       used 17402K, capacity 17789K, committed 18176K, reserved 1064960K
  class space    used 1805K, capacity 2005K, committed 2048K, reserved 1048576K
}
Event: 69.043 GC heap after
{Heap after GC invocations=81 (full 0):
 garbage-first heap   total 392192K, used 22407K [0x0000000780000000, 0x0000000800000000)
  region size 1024K, 1 young (1024K), 1 survivors (1024K)
 Metaspace       used 17402K, capacity 17789K, committed 18176K, reserved 1064960K
  class space    used 1805K, capacity 2005K, committed 2048K, reserved 1048576K
}

